<?xml version="1.0" encoding="UTF-8"?>
<testsuite name="DisplayTest" tests="1" skipped="0" failures="0" errors="0" timestamp="2021-07-09T15:51:16" hostname="Lionels-Air.lan" time="0.03">
  <properties/>
  <testcase name="testArray" classname="DisplayTest" time="0.03"/>
  <system-out><![CDATA[ ▇▇ ▇▇ ▇▇ ▇▇ ▇▇ ▇▇ ▇▇ ▇▇ ▇▇ ▇▇ ▇▇ ▇▇ ▇▇ ▇▇ ▇▇ ▇▇ ▇▇ ▇▇ ▇▇ ▇▇ ▇▇ ▇▇ ▇▇ ▇▇ ▇▇ ▇▇ ▇▇ ▇▇ ▇▇ ▇▇ ▇▇ ▇▇ ▇▇ ▇▇ ▇▇ ▇▇ ▇▇ ▇▇ ▇▇ ▇▇ ▇▇ ▇▇ ▇▇ ▇▇ ▇▇ ▇▇ ▇▇ ▇▇ ▇▇ ▇▇ ▇▇ ▇▇ ▇▇ ▇▇ ▇▇ ▇▇ ▇▇ ▇▇ ▇▇ ▇▇ ▇▇ ▇▇ ▇▇ ▇▇
 ▇▇ ▇▇ ▇▇ ▇▇ ▇▇ ▇▇ ▇▇ ▇▇ ▇▇ ▇▇ ▇▇ ▇▇ ▇▇ ▇▇ ▇▇ ▇▇ ▇▇ ▇▇ ▇▇ ▇▇ ▇▇ ▇▇ ▇▇ ▇▇ ▇▇ ▇▇ ▇▇ ▇▇ ▇▇ ▇▇ ▇▇ ▇▇ ▇▇ ▇▇ ▇▇ ▇▇ ▇▇ ▇▇ ▇▇ ▇▇ ▇▇ ▇▇ ▇▇ ▇▇ ▇▇ ▇▇ ▇▇ ▇▇ ▇▇ ▇▇ ▇▇ ▇▇ ▇▇ ▇▇ ▇▇ ▇▇ ▇▇ ▇▇ ▇▇ ▇▇ ▇▇ ▇▇ ▇▇ ▇▇
 ▇▇ ▇▇ ▇▇ ▇▇ ▇▇ ▇▇ ▇▇ ▇▇ ▇▇ ▇▇ ▇▇ ▇▇ ▇▇ ▇▇ ▇▇ ▇▇ ▇▇ ▇▇ ▇▇ ▇▇ ▇▇ ▇▇ ▇▇ ▇▇ ▇▇ ▇▇ ▇▇ ▇▇ ▇▇ ▇▇ ▇▇ ▇▇ ▇▇ ▇▇ ▇▇ ▇▇ ▇▇ ▇▇ ▇▇ ▇▇ ▇▇ ▇▇ ▇▇ ▇▇ ▇▇ ▇▇ ▇▇ ▇▇ ▇▇ ▇▇ ▇▇ ▇▇ ▇▇ ▇▇ ▇▇ ▇▇ ▇▇ ▇▇ ▇▇ ▇▇ ▇▇ ▇▇ ▇▇ ▇▇
 ▇▇ ▇▇ ▇▇ ▇▇ ▇▇ ▇▇ ▇▇ ▇▇ ▇▇ ▇▇ ▇▇ ▇▇ ▇▇ ▇▇ ▇▇ ▇▇ ▇▇ ▇▇ ▇▇ ▇▇ ▇▇ ▇▇ ▇▇ ▇▇ ▇▇ ▇▇ ▇▇ ▇▇ ▇▇ ▇▇ ▇▇ ▇▇ ▇▇ ▇▇ ▇▇ ▇▇ ▇▇ ▇▇ ▇▇ ▇▇ ▇▇ ▇▇ ▇▇ ▇▇ ▇▇ ▇▇ ▇▇ ▇▇ ▇▇ ▇▇ ▇▇ ▇▇ ▇▇ ▇▇ ▇▇ ▇▇ ▇▇ ▇▇ ▇▇ ▇▇ ▇▇ ▇▇ ▇▇ ▇▇
 ▇▇ ▇▇ ▇▇ ▇▇ ▇▇ ▇▇ ▇▇ ▇▇ ▇▇ ▇▇ ▇▇ ▇▇ ▇▇ ▇▇ ▇▇ ▇▇ ▇▇ ▇▇ ▇▇ ▇▇ ▇▇ ▇▇ ▇▇ ▇▇ ▇▇ ▇▇ ▇▇ ▇▇ ▇▇ ▇▇ ▇▇ ▇▇ ▇▇ ▇▇ ▇▇ ▇▇ ▇▇ ▇▇ ▇▇ ▇▇ ▇▇ ▇▇ ▇▇ ▇▇ ▇▇ ▇▇ ▇▇ ▇▇ ▇▇ ▇▇ ▇▇ ▇▇ ▇▇ ▇▇ ▇▇ ▇▇ ▇▇ ▇▇ ▇▇ ▇▇ ▇▇ ▇▇ ▇▇ ▇▇
 ▇▇ ▇▇ ▇▇ ▇▇ ▇▇ ▇▇ ▇▇ ▇▇ ▇▇ ▇▇ ▇▇ ▇▇ ▇▇ ▇▇ ▇▇ ▇▇ ▇▇ ▇▇ ▇▇ ▇▇ ▇▇ ▇▇ ▇▇ ▇▇ ▇▇ ▇▇ ▇▇ ▇▇ ▇▇ ▇▇ ▇▇ ▇▇ ▇▇ ▇▇ ▇▇ ▇▇ ▇▇ ▇▇ ▇▇ ▇▇ ▇▇ ▇▇ ▇▇ ▇▇ ▇▇ ▇▇ ▇▇ ▇▇ ▇▇ ▇▇ ▇▇ ▇▇ ▇▇ ▇▇ ▇▇ ▇▇ ▇▇ ▇▇ ▇▇ ▇▇ ▇▇ ▇▇ ▇▇ ▇▇
 ▇▇ ▇▇ ▇▇ ▇▇ ▇▇ ▇▇ ▇▇ ▇▇ ▇▇ ▇▇ ▇▇ ▇▇ ▇▇ ▇▇ ▇▇ ▇▇ ▇▇ ▇▇ ▇▇ ▇▇ ▇▇ ▇▇ ▇▇ ▇▇ ▇▇ ▇▇ ▇▇ ▇▇ ▇▇ ▇▇ ▇▇ ▇▇ ▇▇ ▇▇ ▇▇ ▇▇ ▇▇ ▇▇ ▇▇ ▇▇ ▇▇ ▇▇ ▇▇ ▇▇ ▇▇ ▇▇ ▇▇ ▇▇ ▇▇ ▇▇ ▇▇ ▇▇ ▇▇ ▇▇ ▇▇ ▇▇ ▇▇ ▇▇ ▇▇ ▇▇ ▇▇ ▇▇ ▇▇ ▇▇
 ▇▇ ▇▇ ▇▇ ▇▇ ▇▇ ▇▇ ▇▇ ▇▇ ▇▇ ▇▇ ▇▇ ▇▇ ▇▇ ▇▇ ▇▇ ▇▇ ▇▇ ▇▇ ▇▇ ▇▇ ▇▇ ▇▇ ▇▇ ▇▇ ▇▇ ▇▇ ▇▇ ▇▇ ▇▇ ▇▇ ▇▇ ▇▇ ▇▇ ▇▇ ▇▇ ▇▇ ▇▇ ▇▇ ▇▇ ▇▇ ▇▇ ▇▇ ▇▇ ▇▇ ▇▇ ▇▇ ▇▇ ▇▇ ▇▇ ▇▇ ▇▇ ▇▇ ▇▇ ▇▇ ▇▇ ▇▇ ▇▇ ▇▇ ▇▇ ▇▇ ▇▇ ▇▇ ▇▇ ▇▇
 ▇▇ ▇▇ ▇▇ ▇▇ ▇▇ ▇▇ ▇▇ ▇▇ ▇▇ ▇▇ ▇▇ ▇▇ ▇▇ ▇▇ ▇▇ ▇▇ ▇▇ ▇▇ ▇▇ ▇▇ ▇▇ ▇▇ ▇▇ ▇▇ ▇▇ ▇▇ ▇▇ ▇▇ ▇▇ ▇▇ ▇▇ ▇▇ ▇▇ ▇▇ ▇▇ ▇▇ ▇▇ ▇▇ ▇▇ ▇▇ ▇▇ ▇▇ ▇▇ ▇▇ ▇▇ ▇▇ ▇▇ ▇▇ ▇▇ ▇▇ ▇▇ ▇▇ ▇▇ ▇▇ ▇▇ ▇▇ ▇▇ ▇▇ ▇▇ ▇▇ ▇▇ ▇▇ ▇▇ ▇▇
 ▇▇ ▇▇ ▇▇ ▇▇ ▇▇ ▇▇ ▇▇ ▇▇ ▇▇ ▇▇ ▇▇ ▇▇ ▇▇ ▇▇ ▇▇ ▇▇ ▇▇ ▇▇ ▇▇ ▇▇ ▇▇ ▇▇ ▇▇ ▇▇ ▇▇ ▇▇ ▇▇ ▇▇ ▇▇ ▇▇ ▇▇ ▇▇ ▇▇ ▇▇ ▇▇ ▇▇ ▇▇ ▇▇ ▇▇ ▇▇ ▇▇ ▇▇ ▇▇ ▇▇ ▇▇ ▇▇ ▇▇ ▇▇ ▇▇ ▇▇ ▇▇ ▇▇ ▇▇ ▇▇ ▇▇ ▇▇ ▇▇ ▇▇ ▇▇ ▇▇ ▇▇ ▇▇ ▇▇ ▇▇
 ▇▇ ▇▇ ▇▇ ▇▇ ▇▇ ▇▇ ▇▇ ▇▇ ▇▇ ▇▇ ▇▇ ▇▇ ▇▇ ▇▇ ▇▇ ▇▇ ▇▇ ▇▇ ▇▇ ▇▇ ▇▇ ▇▇ ▇▇ ▇▇ ▇▇ ▇▇ ▇▇ ▇▇ ▇▇ ▇▇ ▇▇ ▇▇ ▇▇ ▇▇ ▇▇ ▇▇ ▇▇ ▇▇ ▇▇ ▇▇ ▇▇ ▇▇ ▇▇ ▇▇ ▇▇ ▇▇ ▇▇ ▇▇ ▇▇ ▇▇ ▇▇ ▇▇ ▇▇ ▇▇ ▇▇ ▇▇ ▇▇ ▇▇ ▇▇ ▇▇ ▇▇ ▇▇ ▇▇ ▇▇
 ▇▇ ▇▇ ▇▇ ▇▇ ▇▇ ▇▇ ▇▇ ▇▇ ▇▇ ▇▇ ▇▇ ▇▇ ▇▇ ▇▇ ▇▇ ▇▇ ▇▇ ▇▇ ▇▇ ▇▇ ▇▇ ▇▇ ▇▇ ▇▇ ▇▇ ▇▇ ▇▇ ▇▇ ▇▇ ▇▇ ▇▇ ▇▇ ▇▇ ▇▇ ▇▇ ▇▇ ▇▇ ▇▇ ▇▇ ▇▇ ▇▇ ▇▇ ▇▇ ▇▇ ▇▇ ▇▇ ▇▇ ▇▇ ▇▇ ▇▇ ▇▇ ▇▇ ▇▇ ▇▇ ▇▇ ▇▇ ▇▇ ▇▇ ▇▇ ▇▇ ▇▇ ▇▇ ▇▇ ▇▇
 ▇▇ ▇▇ ▇▇ ▇▇ ▇▇ ▇▇ ▇▇ ▇▇ ▇▇ ▇▇ ▇▇ ▇▇ ▇▇ ▇▇ ▇▇ ▇▇ ▇▇ ▇▇ ▇▇ ▇▇ ▇▇ ▇▇ ▇▇ ▇▇ ▇▇ ▇▇ ▇▇ ▇▇ ▇▇ ▇▇ ▇▇ ▇▇ ▇▇ ▇▇ ▇▇ ▇▇ ▇▇ ▇▇ ▇▇ ▇▇ ▇▇ ▇▇ ▇▇ ▇▇ ▇▇ ▇▇ ▇▇ ▇▇ ▇▇ ▇▇ ▇▇ ▇▇ ▇▇ ▇▇ ▇▇ ▇▇ ▇▇ ▇▇ ▇▇ ▇▇ ▇▇ ▇▇ ▇▇ ▇▇
 ▇▇ ▇▇ ▇▇ ▇▇ ▇▇ ▇▇ ▇▇ ▇▇ ▇▇ ▇▇ ▇▇ ▇▇ ▇▇ ▇▇ ▇▇ ▇▇ ▇▇ ▇▇ ▇▇ ▇▇ ▇▇ ▇▇ ▇▇ ▇▇ ▇▇ ▇▇ ▇▇ ▇▇ ▇▇ ▇▇ ▇▇ ▇▇ ▇▇ ▇▇ ▇▇ ▇▇ ▇▇ ▇▇ ▇▇ ▇▇ ▇▇ ▇▇ ▇▇ ▇▇ ▇▇ ▇▇ ▇▇ ▇▇ ▇▇ ▇▇ ▇▇ ▇▇ ▇▇ ▇▇ ▇▇ ▇▇ ▇▇ ▇▇ ▇▇ ▇▇ ▇▇ ▇▇ ▇▇ ▇▇
 ▇▇ ▇▇ ▇▇ ▇▇ ▇▇ ▇▇ ▇▇ ▇▇ ▇▇ ▇▇ ▇▇ ▇▇ ▇▇ ▇▇ ▇▇ ▇▇ ▇▇ ▇▇ ▇▇ ▇▇ ▇▇ ▇▇ ▇▇ ▇▇ ▇▇ ▇▇ ▇▇ ▇▇ ▇▇ ▇▇ ▇▇ ▇▇ ▇▇ ▇▇ ▇▇ ▇▇ ▇▇ ▇▇ ▇▇ ▇▇ ▇▇ ▇▇ ▇▇ ▇▇ ▇▇ ▇▇ ▇▇ ▇▇ ▇▇ ▇▇ ▇▇ ▇▇ ▇▇ ▇▇ ▇▇ ▇▇ ▇▇ ▇▇ ▇▇ ▇▇ ▇▇ ▇▇ ▇▇ ▇▇
 ▇▇ ▇▇ ▇▇ ▇▇ ▇▇ ▇▇ ▇▇ ▇▇ ▇▇ ▇▇ ▇▇ ▇▇ ▇▇ ▇▇ ▇▇ ▇▇ ▇▇ ▇▇ ▇▇ ▇▇ ▇▇ ▇▇ ▇▇ ▇▇ ▇▇ ▇▇ ▇▇ ▇▇ ▇▇ ▇▇ ▇▇ ▇▇ ▇▇ ▇▇ ▇▇ ▇▇ ▇▇ ▇▇ ▇▇ ▇▇ ▇▇ ▇▇ ▇▇ ▇▇ ▇▇ ▇▇ ▇▇ ▇▇ ▇▇ ▇▇ ▇▇ ▇▇ ▇▇ ▇▇ ▇▇ ▇▇ ▇▇ ▇▇ ▇▇ ▇▇ ▇▇ ▇▇ ▇▇ ▇▇
 ▇▇ ▇▇ ▇▇ ▇▇ ▇▇ ▇▇ ▇▇ ▇▇ ▇▇ ▇▇ ▇▇ ▇▇ ▇▇ ▇▇ ▇▇ ▇▇ ▇▇ ▇▇ ▇▇ ▇▇ ▇▇ ▇▇ ▇▇ ▇▇ ▇▇ ▇▇ ▇▇ ▇▇ ▇▇ ▇▇ ▇▇ ▇▇ ▇▇ ▇▇ ▇▇ ▇▇ ▇▇ ▇▇ ▇▇ ▇▇ ▇▇ ▇▇ ▇▇ ▇▇ ▇▇ ▇▇ ▇▇ ▇▇ ▇▇ ▇▇ ▇▇ ▇▇ ▇▇ ▇▇ ▇▇ ▇▇ ▇▇ ▇▇ ▇▇ ▇▇ ▇▇ ▇▇ ▇▇ ▇▇
 ▇▇ ▇▇ ▇▇ ▇▇ ▇▇ ▇▇ ▇▇ ▇▇ ▇▇ ▇▇ ▇▇ ▇▇ ▇▇ ▇▇ ▇▇ ▇▇ ▇▇ ▇▇ ▇▇ ▇▇ ▇▇ ▇▇ ▇▇ ▇▇ ▇▇ ▇▇ ▇▇ ▇▇ ▇▇ ▇▇ ▇▇ ▇▇ ▇▇ ▇▇ ▇▇ ▇▇ ▇▇ ▇▇ ▇▇ ▇▇ ▇▇ ▇▇ ▇▇ ▇▇ ▇▇ ▇▇ ▇▇ ▇▇ ▇▇ ▇▇ ▇▇ ▇▇ ▇▇ ▇▇ ▇▇ ▇▇ ▇▇ ▇▇ ▇▇ ▇▇ ▇▇ ▇▇ ▇▇ ▇▇
 ▇▇ ▇▇ ▇▇ ▇▇ ▇▇ ▇▇ ▇▇ ▇▇ ▇▇ ▇▇ ▇▇ ▇▇ ▇▇ ▇▇ ▇▇ ▇▇ ▇▇ ▇▇ ▇▇ ▇▇ ▇▇ ▇▇ ▇▇ ▇▇ ▇▇ ▇▇ ▇▇ ▇▇ ▇▇ ▇▇ ▇▇ ▇▇ ▇▇ ▇▇ ▇▇ ▇▇ ▇▇ ▇▇ ▇▇ ▇▇ ▇▇ ▇▇ ▇▇ ▇▇ ▇▇ ▇▇ ▇▇ ▇▇ ▇▇ ▇▇ ▇▇ ▇▇ ▇▇ ▇▇ ▇▇ ▇▇ ▇▇ ▇▇ ▇▇ ▇▇ ▇▇ ▇▇ ▇▇ ▇▇
 ▇▇ ▇▇ ▇▇ ▇▇ ▇▇ ▇▇ ▇▇ ▇▇ ▇▇ ▇▇ ▇▇ ▇▇ ▇▇ ▇▇ ▇▇ ▇▇ ▇▇ ▇▇ ▇▇ ▇▇ ▇▇ ▇▇ ▇▇ ▇▇ ▇▇ ▇▇ ▇▇ ▇▇ ▇▇ ▇▇ ▇▇ ▇▇ ▇▇ ▇▇ ▇▇ ▇▇ ▇▇ ▇▇ ▇▇ ▇▇ ▇▇ ▇▇ ▇▇ ▇▇ ▇▇ ▇▇ ▇▇ ▇▇ ▇▇ ▇▇ ▇▇ ▇▇ ▇▇ ▇▇ ▇▇ ▇▇ ▇▇ ▇▇ ▇▇ ▇▇ ▇▇ ▇▇ ▇▇ ▇▇
 ▇▇ ▇▇ ▇▇ ▇▇ ▇▇ ▇▇ ▇▇ ▇▇ ▇▇ ▇▇ ▇▇ ▇▇ ▇▇ ▇▇ ▇▇ ▇▇ ▇▇ ▇▇ ▇▇ ▇▇ ▇▇ ▇▇ ▇▇ ▇▇ ▇▇ ▇▇ ▇▇ ▇▇ ▇▇ ▇▇ ▇▇ ▇▇ ▇▇ ▇▇ ▇▇ ▇▇ ▇▇ ▇▇ ▇▇ ▇▇ ▇▇ ▇▇ ▇▇ ▇▇ ▇▇ ▇▇ ▇▇ ▇▇ ▇▇ ▇▇ ▇▇ ▇▇ ▇▇ ▇▇ ▇▇ ▇▇ ▇▇ ▇▇ ▇▇ ▇▇ ▇▇ ▇▇ ▇▇ ▇▇
 ▇▇ ▇▇ ▇▇ ▇▇ ▇▇ ▇▇ ▇▇ ▇▇ ▇▇ ▇▇ ▇▇ ▇▇ ▇▇ ▇▇ ▇▇ ▇▇ ▇▇ ▇▇ ▇▇ ▇▇ ▇▇ ▇▇ ▇▇ ▇▇ ▇▇ ▇▇ ▇▇ ▇▇ ▇▇ ▇▇ ▇▇ ▇▇ ▇▇ ▇▇ ▇▇ ▇▇ ▇▇ ▇▇ ▇▇ ▇▇ ▇▇ ▇▇ ▇▇ ▇▇ ▇▇ ▇▇ ▇▇ ▇▇ ▇▇ ▇▇ ▇▇ ▇▇ ▇▇ ▇▇ ▇▇ ▇▇ ▇▇ ▇▇ ▇▇ ▇▇ ▇▇ ▇▇ ▇▇ ▇▇
 ▇▇ ▇▇ ▇▇ ▇▇ ▇▇ ▇▇ ▇▇ ▇▇ ▇▇ ▇▇ ▇▇ ▇▇ ▇▇ ▇▇ ▇▇ ▇▇ ▇▇ ▇▇ ▇▇ ▇▇ ▇▇ ▇▇ ▇▇ ▇▇ ▇▇ ▇▇ ▇▇ ▇▇ ▇▇ ▇▇ ▇▇ ▇▇ ▇▇ ▇▇ ▇▇ ▇▇ ▇▇ ▇▇ ▇▇ ▇▇ ▇▇ ▇▇ ▇▇ ▇▇ ▇▇ ▇▇ ▇▇ ▇▇ ▇▇ ▇▇ ▇▇ ▇▇ ▇▇ ▇▇ ▇▇ ▇▇ ▇▇ ▇▇ ▇▇ ▇▇ ▇▇ ▇▇ ▇▇ ▇▇
 ▇▇ ▇▇ ▇▇ ▇▇ ▇▇ ▇▇ ▇▇ ▇▇ ▇▇ ▇▇ ▇▇ ▇▇ ▇▇ ▇▇ ▇▇ ▇▇ ▇▇ ▇▇ ▇▇ ▇▇ ▇▇ ▇▇ ▇▇ ▇▇ ▇▇ ▇▇ ▇▇ ▇▇ ▇▇ ▇▇ ▇▇ ▇▇ ▇▇ ▇▇ ▇▇ ▇▇ ▇▇ ▇▇ ▇▇ ▇▇ ▇▇ ▇▇ ▇▇ ▇▇ ▇▇ ▇▇ ▇▇ ▇▇ ▇▇ ▇▇ ▇▇ ▇▇ ▇▇ ▇▇ ▇▇ ▇▇ ▇▇ ▇▇ ▇▇ ▇▇ ▇▇ ▇▇ ▇▇ ▇▇
 ▇▇ ▇▇ ▇▇ ▇▇ ▇▇ ▇▇ ▇▇ ▇▇ ▇▇ ▇▇ ▇▇ ▇▇ ▇▇ ▇▇ ▇▇ ▇▇ ▇▇ ▇▇ ▇▇ ▇▇ ▇▇ ▇▇ ▇▇ ▇▇ ▇▇ ▇▇ ▇▇ ▇▇ ▇▇ ▇▇ ▇▇ ▇▇ ▇▇ ▇▇ ▇▇ ▇▇ ▇▇ ▇▇ ▇▇ ▇▇ ▇▇ ▇▇ ▇▇ ▇▇ ▇▇ ▇▇ ▇▇ ▇▇ ▇▇ ▇▇ ▇▇ ▇▇ ▇▇ ▇▇ ▇▇ ▇▇ ▇▇ ▇▇ ▇▇ ▇▇ ▇▇ ▇▇ ▇▇ ▇▇
 ▇▇ ▇▇ ▇▇ ▇▇ ▇▇ ▇▇ ▇▇ ▇▇ ▇▇ ▇▇ ▇▇ ▇▇ ▇▇ ▇▇ ▇▇ ▇▇ ▇▇ ▇▇ ▇▇ ▇▇ ▇▇ ▇▇ ▇▇ ▇▇ ▇▇ ▇▇ ▇▇ ▇▇ ▇▇ ▇▇ ▇▇ ▇▇ ▇▇ ▇▇ ▇▇ ▇▇ ▇▇ ▇▇ ▇▇ ▇▇ ▇▇ ▇▇ ▇▇ ▇▇ ▇▇ ▇▇ ▇▇ ▇▇ ▇▇ ▇▇ ▇▇ ▇▇ ▇▇ ▇▇ ▇▇ ▇▇ ▇▇ ▇▇ ▇▇ ▇▇ ▇▇ ▇▇ ▇▇ ▇▇
 ▇▇ ▇▇ ▇▇ ▇▇ ▇▇ ▇▇ ▇▇ ▇▇ ▇▇ ▇▇ ▇▇ ▇▇ ▇▇ ▇▇ ▇▇ ▇▇ ▇▇ ▇▇ ▇▇ ▇▇ ▇▇ ▇▇ ▇▇ ▇▇ ▇▇ ▇▇ ▇▇ ▇▇ ▇▇ ▇▇ ▇▇ ▇▇ ▇▇ ▇▇ ▇▇ ▇▇ ▇▇ ▇▇ ▇▇ ▇▇ ▇▇ ▇▇ ▇▇ ▇▇ ▇▇ ▇▇ ▇▇ ▇▇ ▇▇ ▇▇ ▇▇ ▇▇ ▇▇ ▇▇ ▇▇ ▇▇ ▇▇ ▇▇ ▇▇ ▇▇ ▇▇ ▇▇ ▇▇ ▇▇
 ▇▇ ▇▇ ▇▇ ▇▇ ▇▇ ▇▇ ▇▇ ▇▇ ▇▇ ▇▇ ▇▇ ▇▇ ▇▇ ▇▇ ▇▇ ▇▇ ▇▇ ▇▇ ▇▇ ▇▇ ▇▇ ▇▇ ▇▇ ▇▇ ▇▇ ▇▇ ▇▇ ▇▇ ▇▇ ▇▇ ▇▇ ▇▇ ▇▇ ▇▇ ▇▇ ▇▇ ▇▇ ▇▇ ▇▇ ▇▇ ▇▇ ▇▇ ▇▇ ▇▇ ▇▇ ▇▇ ▇▇ ▇▇ ▇▇ ▇▇ ▇▇ ▇▇ ▇▇ ▇▇ ▇▇ ▇▇ ▇▇ ▇▇ ▇▇ ▇▇ ▇▇ ▇▇ ▇▇ ▇▇
 ▇▇ ▇▇ ▇▇ ▇▇ ▇▇ ▇▇ ▇▇ ▇▇ ▇▇ ▇▇ ▇▇ ▇▇ ▇▇ ▇▇ ▇▇ ▇▇ ▇▇ ▇▇ ▇▇ ▇▇ ▇▇ ▇▇ ▇▇ ▇▇ ▇▇ ▇▇ ▇▇ ▇▇ ▇▇ ▇▇ ▇▇ ▇▇ ▇▇ ▇▇ ▇▇ ▇▇ ▇▇ ▇▇ ▇▇ ▇▇ ▇▇ ▇▇ ▇▇ ▇▇ ▇▇ ▇▇ ▇▇ ▇▇ ▇▇ ▇▇ ▇▇ ▇▇ ▇▇ ▇▇ ▇▇ ▇▇ ▇▇ ▇▇ ▇▇ ▇▇ ▇▇ ▇▇ ▇▇ ▇▇
 ▇▇ ▇▇ ▇▇ ▇▇ ▇▇ ▇▇ ▇▇ ▇▇ ▇▇ ▇▇ ▇▇ ▇▇ ▇▇ ▇▇ ▇▇ ▇▇ ▇▇ ▇▇ ▇▇ ▇▇ ▇▇ ▇▇ ▇▇ ▇▇ ▇▇ ▇▇ ▇▇ ▇▇ ▇▇ ▇▇ ▇▇ ▇▇ ▇▇ ▇▇ ▇▇ ▇▇ ▇▇ ▇▇ ▇▇ ▇▇ ▇▇ ▇▇ ▇▇ ▇▇ ▇▇ ▇▇ ▇▇ ▇▇ ▇▇ ▇▇ ▇▇ ▇▇ ▇▇ ▇▇ ▇▇ ▇▇ ▇▇ ▇▇ ▇▇ ▇▇ ▇▇ ▇▇ ▇▇ ▇▇
 ▇▇ ▇▇ ▇▇ ▇▇ ▇▇ ▇▇ ▇▇ ▇▇ ▇▇ ▇▇ ▇▇ ▇▇ ▇▇ ▇▇ ▇▇ ▇▇ ▇▇ ▇▇ ▇▇ ▇▇ ▇▇ ▇▇ ▇▇ ▇▇ ▇▇ ▇▇ ▇▇ ▇▇ ▇▇ ▇▇ ▇▇ ▇▇ ▇▇ ▇▇ ▇▇ ▇▇ ▇▇ ▇▇ ▇▇ ▇▇ ▇▇ ▇▇ ▇▇ ▇▇ ▇▇ ▇▇ ▇▇ ▇▇ ▇▇ ▇▇ ▇▇ ▇▇ ▇▇ ▇▇ ▇▇ ▇▇ ▇▇ ▇▇ ▇▇ ▇▇ ▇▇ ▇▇ ▇▇ ▇▇
 ▇▇ ▇▇ ▇▇ ▇▇ ▇▇ ▇▇ ▇▇ ▇▇ ▇▇ ▇▇ ▇▇ ▇▇ ▇▇ ▇▇ ▇▇ ▇▇ ▇▇ ▇▇ ▇▇ ▇▇ ▇▇ ▇▇ ▇▇ ▇▇ ▇▇ ▇▇ ▇▇ ▇▇ ▇▇ ▇▇ ▇▇ ▇▇ ▇▇ ▇▇ ▇▇ ▇▇ ▇▇ ▇▇ ▇▇ ▇▇ ▇▇ ▇▇ ▇▇ ▇▇ ▇▇ ▇▇ ▇▇ ▇▇ ▇▇ ▇▇ ▇▇ ▇▇ ▇▇ ▇▇ ▇▇ ▇▇ ▇▇ ▇▇ ▇▇ ▇▇ ▇▇ ▇▇ ▇▇ ▇▇
]]></system-out>
  <system-err><![CDATA[]]></system-err>
</testsuite>
