<?xml version="1.0" encoding="UTF-8"?>
<testsuite name="MemoryTest" tests="1" skipped="0" failures="0" errors="0" timestamp="2021-07-27T21:19:00" hostname="Lionels-Air.lan" time="0.078">
  <properties/>
  <testcase name="test" classname="MemoryTest" time="0.078"/>
  <system-out><![CDATA[512
UByteArray(storage=[0, -32, -94, 42, 96, 12, 97, 8, -48, 31, 112, 9, -94, 57, -48, 31, -94, 72, 112, 8, -48, 31, 112, 4, -94, 87, -48, 31, 112, 8, -94, 102, -48, 31, 112, 8, -94, 117, -48, 31, 18, 40, -1, 0, -1, 0, 60, 0, 60, 0, 60, 0, 60, 0, -1, 0, -1, -1, 0, -1, 0, 56, 0, 63, 0, 63, 0, 56, 0, -1, 0, -1, -128, 0, -32, 0, -32, 0, -128, 0, -128, 0, -32, 0, -32, 0, -128, -8, 0, -4, 0, 62, 0, 63, 0, 59, 0, 57, 0, -8, 0, -8, 3, 0, 7, 0, 15, 0, -65, 0, -5, 0, -13, 0, -29, 0, 67, -32, 0, -32, 0, -128, 0, -128, 0, -128, 0, -128, 0, -32, 0, -32])
000000000000000000000000000000000000000000000000000000000000000000000000000000002401441441442403296323211224016240128240240162401624014414424016162401282401624024012824014424024016326464240144240144240240144240162402401442401441442241442241442242401281281282402241441441442242401282401282402401282401281280000000000000000000000000000000000000000000000000000000000000000000000000000000000000000000000000000000000000000000000000000000000000000000000000000000000000000000000000000000000000000000000000000000000000000000000000000000000000000000000000000000000000000000000000000000000000000000000000000000000000000000000000000000000000000000000000000000000000000022416242961297820831112916257208311627211282083111241628720831112816210220831112816211720831184025502550600600600600255025525502550560630630560255025512802240224012801280224022401282480252062063059057024802483070150191025102430227067224022401280128012801280224022400000000000000000000000000000000000000000000000000000000000000000000000000000000000000000000000000000000000000000000000000000000000000000000000000000000000000000000000000000000000000000000000000000000000000000000000000000000000000000000000000000000000000000000000000000000000000000000000000000000000000000000000000000000000000000000000000000000000000000000000000000000000000000000000000000000000000000000000000000000000000000000000000000000000000000000000000000000000000000000000000000000000000000000000000000000000000000000000000000000000000000000000000000000000000000000000000000000000000000000000000000000000000000000000000000000000000000000000000000000000000000000000000000000000000000000000000000000000000000000000000000000000000000000000000000000000000000000000000000000000000000000000000000000000000000000000000000000000000000000000000000000000000000000000000000000000000000000000000000000000000000000000000000000000000000000000000000000000000000000000000000000000000000000000000000000000000000000000000000000000000000000000000000000000000000000000000000000000000000000000000000000000000000000000000000000000000000000000000000000000000000000000000000000000000000000000000000000000000000000000000000000000000000000000000000000000000000000000000000000000000000000000000000000000000000000000000000000000000000000000000000000000000000000000000000000000000000000000000000000000000000000000000000000000000000000000000000000000000000000000000000000000000000000000000000000000000000000000000000000000000000000000000000000000000000000000000000000000000000000000000000000000000000000000000000000000000000000000000000000000000000000000000000000000000000000000000000000000000000000000000000000000000000000000000000000000000000000000000000000000000000000000000000000000000000000000000000000000000000000000000000000000000000000000000000000000000000000000000000000000000000000000000000000000000000000000000000000000000000000000000000000000000000000000000000000000000000000000000000000000000000000000000000000000000000000000000000000000000000000000000000000000000000000000000000000000000000000000000000000000000000000000000000000000000000000000000000000000000000000000000000000000000000000000000000000000000000000000000000000000000000000000000000000000000000000000000000000000000000000000000000000000000000000000000000000000000000000000000000000000000000000000000000000000000000000000000000000000000000000000000000000000000000000000000000000000000000000000000000000000000000000000000000000000000000000000000000000000000000000000000000000000000000000000000000000000000000000000000000000000000000000000000000000000000000000000000000000000000000000000000000000000000000000000000000000000000000000000000000000000000000000000000000000000000000000000000000000000000000000000000000000000000000000000000000000000000000000000000000000000000000000000000000000000000000000000000000000000000000000000000000000000000000000000000000000000000000000000000000000000000000000000000000000000000000000000000000000000000000000000000000000000000000000000000000000000000000000000000000000000000000000000000000000000000000000000000000000000000000000000000000000000000000000000000000000000000000000000000000000000000000000000000000000000000000000000000000000000000000000000000000000000000000000000000000000000000000000000000000000000000000000000000000000000000000000000000000000000000000000000000000000000000000000000000000000000000000000000000000000000000000000000000000000000000000000kotlin.Unit
The height is 0
]]></system-out>
  <system-err><![CDATA[]]></system-err>
</testsuite>
